<?xml version="1.0" encoding="UTF-8"?>
<!-- Generated by org.testng.reporters.JUnitXMLReporter -->
<testsuite ignored="2" hostname="Nexgen84" failures="0" tests="5" name="Default test" time="66.791" errors="0" timestamp="2022-12-17T00:52:32 IST">
  <testcase classname="BaseTesting.SampleTest.AppTest" name="landingWelcomePage" time="13.173"/>
  <testcase classname="BaseTesting.SampleTest.AppTest" name="SidebarMenuOptions" time="12.271"/>
  <testcase classname="BaseTesting.SampleTest.AppTest" name="sideBarLogoTest" time="6.098"/>
  <testcase classname="BaseTesting.SampleTest.AppTest" name="headerToggleIconTest" time="12.222"/>
  <testcase classname="BaseTesting.SampleTest.AppTest" name="NavigateToOTSByDate" time="12.409"/>
  <testcase classname="BaseTesting.SampleTest.AppTest" name="headerTitleName" time="0.0">
    <ignored/>
  </testcase> <!-- headerTitleName -->
  <testcase classname="BaseTesting.SampleTest.AppTest" name="footerElements" time="0.0">
    <ignored/>
  </testcase> <!-- footerElements -->
</testsuite> <!-- Default test -->
