<?xml version="1.0" encoding="UTF-8"?>
<testng-results ignored="2" total="7" passed="5" failed="0" skipped="0">
  <reporter-output>
  </reporter-output>
  <suite started-at="2022-12-17T00:51:25 IST" name="Default suite" finished-at="2022-12-17T00:52:32 IST" duration-ms="66791">
    <groups>
    </groups>
    <test started-at="2022-12-17T00:51:25 IST" name="Default test" finished-at="2022-12-17T00:52:32 IST" duration-ms="66791">
      <class name="BaseTesting.SampleTest.AppTest">
        <test-method is-config="true" signature="setup()[pri:0, instance:BaseTesting.SampleTest.AppTest@359df09a]" started-at="2022-12-17T00:51:25 IST" name="setup" finished-at="2022-12-17T00:51:36 IST" duration-ms="10392" status="PASS">
          <reporter-output>
          </reporter-output>
        </test-method> <!-- setup -->
        <test-method signature="landingWelcomePage()[pri:1, instance:BaseTesting.SampleTest.AppTest@359df09a]" started-at="2022-12-17T00:51:36 IST" name="landingWelcomePage" finished-at="2022-12-17T00:51:49 IST" duration-ms="13173" status="PASS">
          <reporter-output>
          </reporter-output>
        </test-method> <!-- landingWelcomePage -->
        <test-method is-config="true" signature="beforeMethod(java.lang.reflect.Method)[pri:0, instance:BaseTesting.SampleTest.AppTest@359df09a]" started-at="2022-12-17T00:51:36 IST" name="beforeMethod" finished-at="2022-12-17T00:51:36 IST" duration-ms="0" status="PASS">
          <params>
            <param index="0">
              <value>
                <![CDATA[public void BaseTesting.SampleTest.AppTest.landingWelcomePage()]]>
              </value>
            </param>
          </params>
          <reporter-output>
          </reporter-output>
        </test-method> <!-- beforeMethod -->
        <test-method is-config="true" signature="beforeMethod(java.lang.reflect.Method)[pri:0, instance:BaseTesting.SampleTest.AppTest@359df09a]" started-at="2022-12-17T00:51:49 IST" name="beforeMethod" finished-at="2022-12-17T00:51:49 IST" duration-ms="1" status="PASS">
          <params>
            <param index="0">
              <value>
                <![CDATA[public void BaseTesting.SampleTest.AppTest.SidebarMenuOptions()]]>
              </value>
            </param>
          </params>
          <reporter-output>
          </reporter-output>
        </test-method> <!-- beforeMethod -->
        <test-method signature="SidebarMenuOptions()[pri:2, instance:BaseTesting.SampleTest.AppTest@359df09a]" started-at="2022-12-17T00:51:49 IST" name="SidebarMenuOptions" finished-at="2022-12-17T00:52:01 IST" depends-on-methods="BaseTesting.SampleTest.AppTest.landingWelcomePage" duration-ms="12271" status="PASS">
          <reporter-output>
          </reporter-output>
        </test-method> <!-- SidebarMenuOptions -->
        <test-method is-config="true" signature="beforeMethod(java.lang.reflect.Method)[pri:0, instance:BaseTesting.SampleTest.AppTest@359df09a]" started-at="2022-12-17T00:52:01 IST" name="beforeMethod" finished-at="2022-12-17T00:52:01 IST" duration-ms="0" status="PASS">
          <params>
            <param index="0">
              <value>
                <![CDATA[public void BaseTesting.SampleTest.AppTest.sideBarLogoTest()]]>
              </value>
            </param>
          </params>
          <reporter-output>
          </reporter-output>
        </test-method> <!-- beforeMethod -->
        <test-method signature="sideBarLogoTest()[pri:4, instance:BaseTesting.SampleTest.AppTest@359df09a]" started-at="2022-12-17T00:52:01 IST" name="sideBarLogoTest" finished-at="2022-12-17T00:52:07 IST" depends-on-methods="BaseTesting.SampleTest.AppTest.landingWelcomePage" duration-ms="6098" status="PASS">
          <reporter-output>
          </reporter-output>
        </test-method> <!-- sideBarLogoTest -->
        <test-method is-config="true" signature="beforeMethod(java.lang.reflect.Method)[pri:0, instance:BaseTesting.SampleTest.AppTest@359df09a]" started-at="2022-12-17T00:52:07 IST" name="beforeMethod" finished-at="2022-12-17T00:52:07 IST" duration-ms="1" status="PASS">
          <params>
            <param index="0">
              <value>
                <![CDATA[public void BaseTesting.SampleTest.AppTest.headerToggleIconTest()]]>
              </value>
            </param>
          </params>
          <reporter-output>
          </reporter-output>
        </test-method> <!-- beforeMethod -->
        <test-method signature="headerToggleIconTest()[pri:5, instance:BaseTesting.SampleTest.AppTest@359df09a]" started-at="2022-12-17T00:52:07 IST" name="headerToggleIconTest" finished-at="2022-12-17T00:52:19 IST" duration-ms="12222" status="PASS">
          <reporter-output>
          </reporter-output>
        </test-method> <!-- headerToggleIconTest -->
        <test-method is-config="true" signature="beforeMethod(java.lang.reflect.Method)[pri:0, instance:BaseTesting.SampleTest.AppTest@359df09a]" started-at="2022-12-17T00:52:19 IST" name="beforeMethod" finished-at="2022-12-17T00:52:19 IST" duration-ms="1" status="PASS">
          <params>
            <param index="0">
              <value>
                <![CDATA[public void BaseTesting.SampleTest.AppTest.NavigateToOTSByDate()]]>
              </value>
            </param>
          </params>
          <reporter-output>
          </reporter-output>
        </test-method> <!-- beforeMethod -->
        <test-method signature="NavigateToOTSByDate()[pri:10, instance:BaseTesting.SampleTest.AppTest@359df09a]" started-at="2022-12-17T00:52:19 IST" name="NavigateToOTSByDate" finished-at="2022-12-17T00:52:32 IST" duration-ms="12409" status="PASS">
          <reporter-output>
          </reporter-output>
        </test-method> <!-- NavigateToOTSByDate -->
        <test-method is-config="true" signature="unsetUp()[pri:0, instance:BaseTesting.SampleTest.AppTest@359df09a]" started-at="2022-12-17T00:52:32 IST" name="unsetUp" finished-at="2022-12-17T00:52:32 IST" duration-ms="198" status="PASS">
          <reporter-output>
          </reporter-output>
        </test-method> <!-- unsetUp -->
      </class> <!-- BaseTesting.SampleTest.AppTest -->
    </test> <!-- Default test -->
  </suite> <!-- Default suite -->
</testng-results>
