<?xml version="1.0" encoding="UTF-8"?>
<testng-results ignored="0" total="1" passed="1" failed="0" skipped="0">
  <reporter-output>
  </reporter-output>
  <suite started-at="2022-12-16T22:08:26 IST" name="Default suite" finished-at="2022-12-16T22:09:00 IST" duration-ms="34251">
    <groups>
    </groups>
    <test started-at="2022-12-16T22:08:26 IST" name="Default test" finished-at="2022-12-16T22:09:00 IST" duration-ms="34251">
      <class name="BaseTesting.SampleTest.AppTest">
        <test-method signature="shouldAnswerWithTrue()[pri:0, instance:BaseTesting.SampleTest.AppTest@273444fe]" started-at="2022-12-16T22:08:26 IST" name="shouldAnswerWithTrue" finished-at="2022-12-16T22:09:00 IST" duration-ms="34227" status="PASS">
          <reporter-output>
          </reporter-output>
        </test-method> <!-- shouldAnswerWithTrue -->
      </class> <!-- BaseTesting.SampleTest.AppTest -->
    </test> <!-- Default test -->
  </suite> <!-- Default suite -->
</testng-results>
